2017-11-24 17:44:01,087 CRIT Supervisor running as root (no user in config file)
2017-11-24 17:44:01,093 WARN Included extra file "/etc/supervisor/conf.d/supervisord.conf" during parsing
2017-11-24 17:44:03,391 INFO RPC interface 'supervisor' initialized
2017-11-24 17:44:03,395 CRIT Server 'unix_http_server' running without any HTTP authentication checking
2017-11-24 17:44:03,397 INFO supervisord started with pid 1
2017-11-24 17:44:04,404 INFO spawned: 'varnishd' with pid 13
2017-11-24 17:44:04,652 INFO spawned: 'php-fpm' with pid 14
2017-11-24 17:44:04,657 INFO spawned: 'varnish-plugins-watcher' with pid 15
2017-11-24 17:44:04,668 INFO spawned: 'nginx' with pid 16
2017-11-24 17:44:04,896 INFO spawned: 'MailHog' with pid 17
2017-11-24 17:44:05,095 INFO spawned: 'mysql' with pid 18
2017-11-24 17:44:05,105 INFO spawned: 'varnish-themes-watcher' with pid 19
2017-11-24 17:44:06,257 INFO success: varnishd entered RUNNING state, process has stayed up for > than 1 seconds (startsecs)
2017-11-24 17:44:06,259 INFO success: php-fpm entered RUNNING state, process has stayed up for > than 1 seconds (startsecs)
2017-11-24 17:44:06,260 INFO success: varnish-plugins-watcher entered RUNNING state, process has stayed up for > than 1 seconds (startsecs)
2017-11-24 17:44:06,260 INFO success: nginx entered RUNNING state, process has stayed up for > than 1 seconds (startsecs)
2017-11-24 17:44:06,260 INFO success: MailHog entered RUNNING state, process has stayed up for > than 1 seconds (startsecs)
2017-11-24 17:44:06,261 INFO success: mysql entered RUNNING state, process has stayed up for > than 1 seconds (startsecs)
2017-11-24 17:44:06,262 INFO success: varnish-themes-watcher entered RUNNING state, process has stayed up for > than 1 seconds (startsecs)
2017-11-24 17:48:25,511 WARN received SIGTERM indicating exit request
2017-11-24 17:48:25,514 INFO waiting for varnishd, php-fpm, varnish-plugins-watcher, nginx, MailHog, mysql, varnish-themes-watcher to die
2017-11-24 17:48:26,304 INFO stopped: varnish-themes-watcher (terminated by SIGTERM)
2017-11-24 17:48:26,319 INFO stopped: mysql (exit status 0)
2017-11-24 17:48:26,320 INFO stopped: MailHog (terminated by SIGTERM)
2017-11-24 17:48:26,513 INFO stopped: nginx (exit status 0)
2017-11-24 17:48:27,516 INFO stopped: varnish-plugins-watcher (terminated by SIGTERM)
2017-11-24 17:48:27,557 CRIT reaped unknown pid 20)
2017-11-24 17:48:27,558 INFO stopped: php-fpm (exit status 0)
2017-11-24 17:48:28,569 INFO waiting for varnishd to die
2017-11-24 17:48:28,646 INFO stopped: varnishd (exit status 0)
2017-11-24 17:51:24,249 CRIT Supervisor running as root (no user in config file)
2017-11-24 17:51:24,249 WARN Included extra file "/etc/supervisor/conf.d/supervisord.conf" during parsing
2017-11-24 17:51:24,429 INFO RPC interface 'supervisor' initialized
2017-11-24 17:51:24,429 CRIT Server 'unix_http_server' running without any HTTP authentication checking
2017-11-24 17:51:24,430 INFO supervisord started with pid 1
2017-11-24 17:51:25,435 INFO spawned: 'varnishd' with pid 39
2017-11-24 17:51:25,468 INFO spawned: 'php-fpm' with pid 40
2017-11-24 17:51:25,477 INFO spawned: 'varnish-plugins-watcher' with pid 41
2017-11-24 17:51:25,534 INFO spawned: 'nginx' with pid 42
2017-11-24 17:51:25,539 INFO spawned: 'MailHog' with pid 43
2017-11-24 17:51:25,572 INFO spawned: 'mysql' with pid 44
2017-11-24 17:51:25,584 INFO spawned: 'varnish-themes-watcher' with pid 45
2017-11-24 17:51:26,632 INFO success: varnishd entered RUNNING state, process has stayed up for > than 1 seconds (startsecs)
2017-11-24 17:51:26,638 INFO success: php-fpm entered RUNNING state, process has stayed up for > than 1 seconds (startsecs)
2017-11-24 17:51:26,638 INFO success: varnish-plugins-watcher entered RUNNING state, process has stayed up for > than 1 seconds (startsecs)
2017-11-24 17:51:26,638 INFO success: nginx entered RUNNING state, process has stayed up for > than 1 seconds (startsecs)
2017-11-24 17:51:26,638 INFO success: MailHog entered RUNNING state, process has stayed up for > than 1 seconds (startsecs)
2017-11-24 17:51:26,638 INFO success: mysql entered RUNNING state, process has stayed up for > than 1 seconds (startsecs)
2017-11-24 17:51:26,638 INFO success: varnish-themes-watcher entered RUNNING state, process has stayed up for > than 1 seconds (startsecs)
2017-11-25 03:04:41,334 CRIT Supervisor running as root (no user in config file)
2017-11-25 03:04:41,334 WARN Included extra file "/etc/supervisor/conf.d/supervisord.conf" during parsing
2017-11-25 03:04:42,110 INFO RPC interface 'supervisor' initialized
2017-11-25 03:04:42,143 CRIT Server 'unix_http_server' running without any HTTP authentication checking
2017-11-25 03:04:42,151 INFO supervisord started with pid 1
2017-11-25 03:04:43,169 INFO spawned: 'varnishd' with pid 24
2017-11-25 03:04:43,204 INFO spawned: 'php-fpm' with pid 25
2017-11-25 03:04:43,241 INFO spawned: 'varnish-plugins-watcher' with pid 26
2017-11-25 03:04:43,311 INFO spawned: 'nginx' with pid 27
2017-11-25 03:04:43,377 INFO spawned: 'MailHog' with pid 28
2017-11-25 03:04:43,550 INFO spawned: 'mysql' with pid 30
2017-11-25 03:04:43,872 INFO spawned: 'varnish-themes-watcher' with pid 33
2017-11-25 03:04:44,343 INFO success: varnishd entered RUNNING state, process has stayed up for > than 1 seconds (startsecs)
2017-11-25 03:04:44,343 INFO success: php-fpm entered RUNNING state, process has stayed up for > than 1 seconds (startsecs)
2017-11-25 03:04:44,344 INFO success: varnish-plugins-watcher entered RUNNING state, process has stayed up for > than 1 seconds (startsecs)
2017-11-25 03:04:44,344 INFO success: nginx entered RUNNING state, process has stayed up for > than 1 seconds (startsecs)
2017-11-25 03:04:44,344 INFO success: MailHog entered RUNNING state, process has stayed up for > than 1 seconds (startsecs)
2017-11-25 03:04:45,110 INFO success: mysql entered RUNNING state, process has stayed up for > than 1 seconds (startsecs)
2017-11-25 03:04:45,110 INFO success: varnish-themes-watcher entered RUNNING state, process has stayed up for > than 1 seconds (startsecs)
2017-11-25 15:36:47,733 CRIT Supervisor running as root (no user in config file)
2017-11-25 15:36:47,733 WARN Included extra file "/etc/supervisor/conf.d/supervisord.conf" during parsing
2017-11-25 15:36:48,273 INFO RPC interface 'supervisor' initialized
2017-11-25 15:36:48,275 CRIT Server 'unix_http_server' running without any HTTP authentication checking
2017-11-25 15:36:48,276 INFO supervisord started with pid 1
2017-11-25 15:36:49,281 INFO spawned: 'varnishd' with pid 39
2017-11-25 15:36:49,482 INFO spawned: 'php-fpm' with pid 40
2017-11-25 15:36:49,486 INFO spawned: 'varnish-plugins-watcher' with pid 41
2017-11-25 15:36:49,740 INFO spawned: 'nginx' with pid 47
2017-11-25 15:36:49,745 INFO spawned: 'MailHog' with pid 48
2017-11-25 15:36:49,775 INFO spawned: 'mysql' with pid 49
2017-11-25 15:36:49,780 INFO spawned: 'varnish-themes-watcher' with pid 50
2017-11-25 15:36:50,785 INFO success: varnishd entered RUNNING state, process has stayed up for > than 1 seconds (startsecs)
2017-11-25 15:36:50,786 INFO success: php-fpm entered RUNNING state, process has stayed up for > than 1 seconds (startsecs)
2017-11-25 15:36:50,786 INFO success: varnish-plugins-watcher entered RUNNING state, process has stayed up for > than 1 seconds (startsecs)
2017-11-25 15:36:50,786 INFO success: nginx entered RUNNING state, process has stayed up for > than 1 seconds (startsecs)
2017-11-25 15:36:50,787 INFO success: MailHog entered RUNNING state, process has stayed up for > than 1 seconds (startsecs)
2017-11-25 15:36:50,787 INFO success: mysql entered RUNNING state, process has stayed up for > than 1 seconds (startsecs)
2017-11-25 15:36:50,787 INFO success: varnish-themes-watcher entered RUNNING state, process has stayed up for > than 1 seconds (startsecs)
2017-11-25 18:37:33,948 WARN received SIGTERM indicating exit request
2017-11-25 18:37:33,957 INFO waiting for varnishd, php-fpm, varnish-plugins-watcher, nginx, MailHog, mysql, varnish-themes-watcher to die
2017-11-25 18:37:34,964 INFO stopped: varnish-themes-watcher (terminated by SIGTERM)
2017-11-25 18:37:34,983 INFO stopped: mysql (exit status 0)
2017-11-25 18:37:34,986 INFO stopped: MailHog (terminated by SIGTERM)
2017-11-25 18:37:34,992 INFO stopped: nginx (exit status 0)
2017-11-25 18:37:35,994 INFO stopped: varnish-plugins-watcher (terminated by SIGTERM)
2017-11-25 18:37:36,028 INFO stopped: php-fpm (exit status 0)
2017-11-25 18:37:36,729 CRIT reaped unknown pid 51)
2017-11-25 18:37:37,036 INFO waiting for varnishd to die
2017-11-25 18:37:37,142 INFO stopped: varnishd (exit status 0)
