[24-Nov-2017 18:35:15 UTC] PHP Parse error:  syntax error, unexpected ',', expecting variable (T_VARIABLE) in /app/public/wp-content/themes/spectrumbox-theme/index.php on line 2
[24-Nov-2017 18:35:50 UTC] PHP Parse error:  syntax error, unexpected ',', expecting variable (T_VARIABLE) in /app/public/wp-content/themes/spectrumbox-theme/index.php on line 2
[24-Nov-2017 18:36:31 UTC] PHP Parse error:  syntax error, unexpected ',', expecting variable (T_VARIABLE) in /app/public/wp-content/themes/spectrumbox-theme/index.php on line 2
[24-Nov-2017 18:38:06 UTC] PHP Parse error:  syntax error, unexpected 'n' (T_STRING), expecting variable (T_VARIABLE) in /app/public/wp-content/themes/spectrumbox-theme/index.php on line 3
[24-Nov-2017 19:09:45 UTC] PHP Parse error:  syntax error, unexpected '[', expecting '(' in /app/public/wp-content/themes/spectrumbox-theme/index.php on line 3
[24-Nov-2017 19:10:07 UTC] PHP Parse error:  syntax error, unexpected '[', expecting '(' in /app/public/wp-content/themes/spectrumbox-theme/index.php on line 3
[24-Nov-2017 20:17:19 UTC] PHP Parse error:  syntax error, unexpected ';', expecting ')' in /app/public/wp-content/themes/spectrumbox-theme/index.php on line 7
[24-Nov-2017 20:20:26 UTC] PHP Parse error:  syntax error, unexpected '<' in /app/public/wp-content/themes/spectrumbox-theme/index.php on line 6
[24-Nov-2017 20:43:39 UTC] PHP Parse error:  syntax error, unexpected '{', expecting ')' in /app/public/wp-content/themes/spectrumbox-theme/index.php on line 4
[24-Nov-2017 20:44:23 UTC] PHP Parse error:  syntax error, unexpected '{', expecting ')' in /app/public/wp-content/themes/spectrumbox-theme/index.php on line 4
[24-Nov-2017 21:04:09 UTC] PHP Parse error:  syntax error, unexpected '}' in /app/public/wp-content/themes/spectrumbox-theme/index.php on line 6
[25-Nov-2017 03:37:50 UTC] PHP Parse error:  syntax error, unexpected 'while' (T_WHILE) in /app/public/wp-content/themes/spectrumbox-theme/index.php on line 3
[25-Nov-2017 03:38:58 UTC] PHP Parse error:  syntax error, unexpected 'while' (T_WHILE) in /app/public/wp-content/themes/spectrumbox-theme/index.php on line 3
[25-Nov-2017 03:39:09 UTC] PHP Parse error:  syntax error, unexpected 'while' (T_WHILE) in /app/public/wp-content/themes/spectrumbox-theme/index.php on line 3
[25-Nov-2017 03:39:23 UTC] PHP Parse error:  syntax error, unexpected '<' in /app/public/wp-content/themes/spectrumbox-theme/index.php on line 5
[25-Nov-2017 03:39:37 UTC] PHP Parse error:  syntax error, unexpected '<' in /app/public/wp-content/themes/spectrumbox-theme/index.php on line 5
[01-Dec-2017 13:49:29 UTC] PHP Warning:  mysqli_real_connect(): (HY000/1045): Access denied for user 'username_here'@'localhost' (using password: YES) in /app/public/wp-includes/wp-db.php on line 1538
[01-Dec-2017 13:49:29 UTC] PHP Warning:  mysqli_real_connect(): (HY000/1045): Access denied for user 'username_here'@'localhost' (using password: YES) in /app/public/wp-includes/wp-db.php on line 1538
[01-Dec-2017 13:50:20 UTC] PHP Warning:  mysqli_real_connect(): (HY000/1045): Access denied for user 'username_here'@'localhost' (using password: YES) in /app/public/wp-includes/wp-db.php on line 1538
[01-Dec-2017 13:50:32 UTC] PHP Warning:  mysqli_real_connect(): (HY000/1045): Access denied for user 'username_here'@'localhost' (using password: YES) in /app/public/wp-includes/wp-db.php on line 1538
[01-Dec-2017 13:51:33 UTC] PHP Warning:  mysqli_real_connect(): (HY000/1045): Access denied for user 'username_here'@'localhost' (using password: YES) in /app/public/wp-includes/wp-db.php on line 1538
