2017-11-24 17:44:35 20 [Warning] Using unique option prefix myisam-recover instead of myisam-recover-options is deprecated and will be removed in a future release. Please use the full name instead.
2017-11-24 17:44:35 20 [Note] Plugin 'FEDERATED' is disabled.
2017-11-24 17:44:37 20 [Note] InnoDB: Using atomics to ref count buffer pool pages
2017-11-24 17:44:37 20 [Note] InnoDB: The InnoDB memory heap is disabled
2017-11-24 17:44:37 20 [Note] InnoDB: Mutexes and rw_locks use GCC atomic builtins
2017-11-24 17:44:37 20 [Note] InnoDB: Memory barrier is not used
2017-11-24 17:44:37 20 [Note] InnoDB: Compressed tables use zlib 1.2.3
2017-11-24 17:44:37 20 [Note] InnoDB: Using Linux native AIO
2017-11-24 17:44:39 20 [Note] InnoDB: Using CPU crc32 instructions
2017-11-24 17:44:40 20 [Note] InnoDB: Initializing buffer pool, size = 32.0M
2017-11-24 17:44:40 20 [Note] InnoDB: Completed initialization of buffer pool
2017-11-24 17:44:43 20 [Note] InnoDB: Highest supported file format is Barracuda.
2017-11-24 17:44:44 20 [Note] InnoDB: The log sequence numbers 1625987 and 1625987 in ibdata files do not match the log sequence number 1625997 in the ib_logfiles!
2017-11-24 17:44:44 20 [Note] InnoDB: Database was not shutdown normally!
2017-11-24 17:44:44 20 [Note] InnoDB: Starting crash recovery.
2017-11-24 17:44:44 20 [Note] InnoDB: Reading tablespace information from the .ibd files...
2017-11-24 17:44:45 20 [Note] InnoDB: Restoring possible half-written data pages 
2017-11-24 17:44:45 20 [Note] InnoDB: from the doublewrite buffer...
2017-11-24 17:45:00 20 [Note] InnoDB: 128 rollback segment(s) are active.
2017-11-24 17:45:00 20 [Note] InnoDB: Waiting for purge to start
2017-11-24 17:45:00 20 [Note] InnoDB: 5.6.37 started; log sequence number 1625997
2017-11-24 17:45:00 20 [Note] Server hostname (bind-address): '*'; port: 3306
2017-11-24 17:45:00 20 [Note] IPv6 is available.
2017-11-24 17:45:00 20 [Note]   - '::' resolves to '::';
2017-11-24 17:45:00 20 [Note] Server socket created on IP: '::'.
2017-11-24 17:45:01 20 [ERROR] /usr/sbin/mysqld: Table './mysql/user' is marked as crashed and should be repaired
2017-11-24 17:45:01 20 [Warning] Checking table:   './mysql/user'
2017-11-24 17:45:01 20 [ERROR] 1 client is using or hasn't closed the table properly
2017-11-24 17:45:02 20 [Warning] 'user' entry 'root@e24d0b5cccc1' ignored in --skip-name-resolve mode.
2017-11-24 17:45:02 20 [Warning] 'user' entry '@e24d0b5cccc1' ignored in --skip-name-resolve mode.
2017-11-24 17:45:02 20 [Warning] 'proxies_priv' entry '@ root@e24d0b5cccc1' ignored in --skip-name-resolve mode.
2017-11-24 17:45:04 20 [Note] Event Scheduler: Loaded 0 events
2017-11-24 17:45:04 20 [Note] /usr/sbin/mysqld: ready for connections.
Version: '5.6.37'  socket: '/var/run/mysqld/mysqld.sock'  port: 3306  MySQL Community Server (GPL)
2017-11-24 17:48:26 20 [Note] /usr/sbin/mysqld: Normal shutdown

2017-11-24 17:48:26 20 [Note] Giving 0 client threads a chance to die gracefully
2017-11-24 17:48:26 20 [Note] Event Scheduler: Purging the queue. 0 events
2017-11-24 17:48:26 20 [Note] Shutting down slave threads
2017-11-24 17:48:26 20 [Note] Forcefully disconnecting 0 remaining clients
2017-11-24 17:48:26 20 [Note] Binlog end
2017-11-24 17:48:26 20 [Note] Shutting down plugin 'partition'
2017-11-24 17:48:26 20 [Note] Shutting down plugin 'INNODB_SYS_DATAFILES'
2017-11-24 17:48:26 20 [Note] Shutting down plugin 'INNODB_SYS_TABLESPACES'
2017-11-24 17:48:26 20 [Note] Shutting down plugin 'INNODB_SYS_FOREIGN_COLS'
2017-11-24 17:48:26 20 [Note] Shutting down plugin 'INNODB_SYS_FOREIGN'
2017-11-24 17:48:26 20 [Note] Shutting down plugin 'INNODB_SYS_FIELDS'
2017-11-24 17:48:26 20 [Note] Shutting down plugin 'INNODB_SYS_COLUMNS'
2017-11-24 17:48:26 20 [Note] Shutting down plugin 'INNODB_SYS_INDEXES'
2017-11-24 17:48:26 20 [Note] Shutting down plugin 'INNODB_SYS_TABLESTATS'
2017-11-24 17:48:26 20 [Note] Shutting down plugin 'INNODB_SYS_TABLES'
2017-11-24 17:48:26 20 [Note] Shutting down plugin 'INNODB_FT_INDEX_TABLE'
2017-11-24 17:48:26 20 [Note] Shutting down plugin 'INNODB_FT_INDEX_CACHE'
2017-11-24 17:48:26 20 [Note] Shutting down plugin 'INNODB_FT_CONFIG'
2017-11-24 17:48:26 20 [Note] Shutting down plugin 'INNODB_FT_BEING_DELETED'
2017-11-24 17:48:26 20 [Note] Shutting down plugin 'INNODB_FT_DELETED'
2017-11-24 17:48:26 20 [Note] Shutting down plugin 'INNODB_FT_DEFAULT_STOPWORD'
2017-11-24 17:48:26 20 [Note] Shutting down plugin 'INNODB_METRICS'
2017-11-24 17:48:26 20 [Note] Shutting down plugin 'INNODB_BUFFER_POOL_STATS'
2017-11-24 17:48:26 20 [Note] Shutting down plugin 'INNODB_BUFFER_PAGE_LRU'
2017-11-24 17:48:26 20 [Note] Shutting down plugin 'INNODB_BUFFER_PAGE'
2017-11-24 17:48:26 20 [Note] Shutting down plugin 'INNODB_CMP_PER_INDEX_RESET'
2017-11-24 17:48:26 20 [Note] Shutting down plugin 'INNODB_CMP_PER_INDEX'
2017-11-24 17:48:26 20 [Note] Shutting down plugin 'INNODB_CMPMEM_RESET'
2017-11-24 17:48:26 20 [Note] Shutting down plugin 'INNODB_CMPMEM'
2017-11-24 17:48:26 20 [Note] Shutting down plugin 'INNODB_CMP_RESET'
2017-11-24 17:48:26 20 [Note] Shutting down plugin 'INNODB_CMP'
2017-11-24 17:48:26 20 [Note] Shutting down plugin 'INNODB_LOCK_WAITS'
2017-11-24 17:48:26 20 [Note] Shutting down plugin 'INNODB_LOCKS'
2017-11-24 17:48:26 20 [Note] Shutting down plugin 'INNODB_TRX'
2017-11-24 17:48:26 20 [Note] Shutting down plugin 'InnoDB'
2017-11-24 17:48:26 20 [Note] InnoDB: FTS optimize thread exiting.
2017-11-24 17:48:26 20 [Note] InnoDB: Starting shutdown...
2017-11-24 17:48:27 20 [Note] InnoDB: Shutdown completed; log sequence number 2419057
2017-11-24 17:48:27 20 [Note] Shutting down plugin 'BLACKHOLE'
2017-11-24 17:48:27 20 [Note] Shutting down plugin 'ARCHIVE'
2017-11-24 17:48:27 20 [Note] Shutting down plugin 'PERFORMANCE_SCHEMA'
2017-11-24 17:48:27 20 [Note] Shutting down plugin 'MEMORY'
2017-11-24 17:48:27 20 [Note] Shutting down plugin 'MyISAM'
2017-11-24 17:48:27 20 [Note] Shutting down plugin 'MRG_MYISAM'
2017-11-24 17:48:27 20 [Note] Shutting down plugin 'CSV'
2017-11-24 17:48:27 20 [Note] Shutting down plugin 'sha256_password'
2017-11-24 17:48:27 20 [Note] Shutting down plugin 'mysql_old_password'
2017-11-24 17:48:27 20 [Note] Shutting down plugin 'mysql_native_password'
2017-11-24 17:48:27 20 [Note] Shutting down plugin 'binlog'
2017-11-24 17:48:27 20 [Note] /usr/sbin/mysqld: Shutdown complete

2017-11-24 17:51:28 51 [Warning] Using unique option prefix myisam-recover instead of myisam-recover-options is deprecated and will be removed in a future release. Please use the full name instead.
2017-11-24 17:51:28 51 [Note] Plugin 'FEDERATED' is disabled.
2017-11-24 17:51:29 51 [Note] InnoDB: Using atomics to ref count buffer pool pages
2017-11-24 17:51:29 51 [Note] InnoDB: The InnoDB memory heap is disabled
2017-11-24 17:51:29 51 [Note] InnoDB: Mutexes and rw_locks use GCC atomic builtins
2017-11-24 17:51:29 51 [Note] InnoDB: Memory barrier is not used
2017-11-24 17:51:29 51 [Note] InnoDB: Compressed tables use zlib 1.2.3
2017-11-24 17:51:29 51 [Note] InnoDB: Using Linux native AIO
2017-11-24 17:51:29 51 [Note] InnoDB: Using CPU crc32 instructions
2017-11-24 17:51:29 51 [Note] InnoDB: Initializing buffer pool, size = 32.0M
2017-11-24 17:51:29 51 [Note] InnoDB: Completed initialization of buffer pool
2017-11-24 17:51:29 51 [Note] InnoDB: Highest supported file format is Barracuda.
2017-11-24 17:51:30 51 [Note] InnoDB: 128 rollback segment(s) are active.
2017-11-24 17:51:30 51 [Note] InnoDB: Waiting for purge to start
2017-11-24 17:51:30 51 [Note] InnoDB: 5.6.37 started; log sequence number 2419057
2017-11-24 17:51:30 51 [Note] Server hostname (bind-address): '*'; port: 3306
2017-11-24 17:51:30 51 [Note] IPv6 is available.
2017-11-24 17:51:30 51 [Note]   - '::' resolves to '::';
2017-11-24 17:51:30 51 [Note] Server socket created on IP: '::'.
2017-11-24 17:51:30 51 [Warning] 'user' entry 'root@e24d0b5cccc1' ignored in --skip-name-resolve mode.
2017-11-24 17:51:30 51 [Warning] 'user' entry '@e24d0b5cccc1' ignored in --skip-name-resolve mode.
2017-11-24 17:51:30 51 [Warning] 'proxies_priv' entry '@ root@e24d0b5cccc1' ignored in --skip-name-resolve mode.
2017-11-24 17:51:30 51 [Note] Event Scheduler: Loaded 0 events
2017-11-24 17:51:30 51 [Note] /usr/sbin/mysqld: ready for connections.
Version: '5.6.37'  socket: '/var/run/mysqld/mysqld.sock'  port: 3306  MySQL Community Server (GPL)
2017-11-25 03:04:45 43 [Warning] Using unique option prefix myisam-recover instead of myisam-recover-options is deprecated and will be removed in a future release. Please use the full name instead.
2017-11-25 03:04:45 43 [Note] Plugin 'FEDERATED' is disabled.
2017-11-25 03:04:45 43 [Note] InnoDB: Using atomics to ref count buffer pool pages
2017-11-25 03:04:45 43 [Note] InnoDB: The InnoDB memory heap is disabled
2017-11-25 03:04:45 43 [Note] InnoDB: Mutexes and rw_locks use GCC atomic builtins
2017-11-25 03:04:45 43 [Note] InnoDB: Memory barrier is not used
2017-11-25 03:04:45 43 [Note] InnoDB: Compressed tables use zlib 1.2.3
2017-11-25 03:04:45 43 [Note] InnoDB: Using Linux native AIO
2017-11-25 03:04:45 43 [Note] InnoDB: Using CPU crc32 instructions
2017-11-25 03:04:45 43 [Note] InnoDB: Initializing buffer pool, size = 32.0M
2017-11-25 03:04:45 43 [Note] InnoDB: Completed initialization of buffer pool
2017-11-25 03:04:45 43 [Note] InnoDB: Highest supported file format is Barracuda.
2017-11-25 03:04:45 43 [Note] InnoDB: The log sequence numbers 2419057 and 2419057 in ibdata files do not match the log sequence number 3151131 in the ib_logfiles!
2017-11-25 03:04:45 43 [Note] InnoDB: Database was not shutdown normally!
2017-11-25 03:04:45 43 [Note] InnoDB: Starting crash recovery.
2017-11-25 03:04:45 43 [Note] InnoDB: Reading tablespace information from the .ibd files...
2017-11-25 03:04:45 43 [Note] InnoDB: Restoring possible half-written data pages 
2017-11-25 03:04:45 43 [Note] InnoDB: from the doublewrite buffer...
2017-11-25 03:04:45 43 [Note] InnoDB: 128 rollback segment(s) are active.
2017-11-25 03:04:45 43 [Note] InnoDB: Waiting for purge to start
2017-11-25 03:04:45 43 [Note] InnoDB: 5.6.37 started; log sequence number 3151131
2017-11-25 03:04:45 43 [Note] Server hostname (bind-address): '*'; port: 3306
2017-11-25 03:04:45 43 [Note] IPv6 is available.
2017-11-25 03:04:45 43 [Note]   - '::' resolves to '::';
2017-11-25 03:04:45 43 [Note] Server socket created on IP: '::'.
2017-11-25 03:04:45 43 [Warning] 'user' entry 'root@e24d0b5cccc1' ignored in --skip-name-resolve mode.
2017-11-25 03:04:45 43 [Warning] 'user' entry '@e24d0b5cccc1' ignored in --skip-name-resolve mode.
2017-11-25 03:04:45 43 [Warning] 'proxies_priv' entry '@ root@e24d0b5cccc1' ignored in --skip-name-resolve mode.
2017-11-25 03:04:45 43 [Note] Event Scheduler: Loaded 0 events
2017-11-25 03:04:45 43 [Note] /usr/sbin/mysqld: ready for connections.
Version: '5.6.37'  socket: '/var/run/mysqld/mysqld.sock'  port: 3306  MySQL Community Server (GPL)
2017-11-25 15:36:55 51 [Warning] Using unique option prefix myisam-recover instead of myisam-recover-options is deprecated and will be removed in a future release. Please use the full name instead.
2017-11-25 15:36:55 51 [Note] Plugin 'FEDERATED' is disabled.
2017-11-25 15:36:55 51 [Note] InnoDB: Using atomics to ref count buffer pool pages
2017-11-25 15:36:55 51 [Note] InnoDB: The InnoDB memory heap is disabled
2017-11-25 15:36:55 51 [Note] InnoDB: Mutexes and rw_locks use GCC atomic builtins
2017-11-25 15:36:55 51 [Note] InnoDB: Memory barrier is not used
2017-11-25 15:36:55 51 [Note] InnoDB: Compressed tables use zlib 1.2.3
2017-11-25 15:36:55 51 [Note] InnoDB: Using Linux native AIO
2017-11-25 15:36:55 51 [Note] InnoDB: Using CPU crc32 instructions
2017-11-25 15:36:55 51 [Note] InnoDB: Initializing buffer pool, size = 32.0M
2017-11-25 15:36:55 51 [Note] InnoDB: Completed initialization of buffer pool
2017-11-25 15:36:56 51 [Note] InnoDB: Highest supported file format is Barracuda.
2017-11-25 15:36:56 51 [Note] InnoDB: The log sequence numbers 2419057 and 2419057 in ibdata files do not match the log sequence number 3220301 in the ib_logfiles!
2017-11-25 15:36:56 51 [Note] InnoDB: Database was not shutdown normally!
2017-11-25 15:36:56 51 [Note] InnoDB: Starting crash recovery.
2017-11-25 15:36:56 51 [Note] InnoDB: Reading tablespace information from the .ibd files...
2017-11-25 15:36:57 51 [Note] InnoDB: Restoring possible half-written data pages 
2017-11-25 15:36:57 51 [Note] InnoDB: from the doublewrite buffer...
2017-11-25 15:37:00 51 [Note] InnoDB: 128 rollback segment(s) are active.
2017-11-25 15:37:00 51 [Note] InnoDB: Waiting for purge to start
2017-11-25 15:37:00 51 [Note] InnoDB: 5.6.37 started; log sequence number 3220301
2017-11-25 15:37:00 51 [Note] Server hostname (bind-address): '*'; port: 3306
2017-11-25 15:37:00 51 [Note] IPv6 is available.
2017-11-25 15:37:00 51 [Note]   - '::' resolves to '::';
2017-11-25 15:37:00 51 [Note] Server socket created on IP: '::'.
2017-11-25 15:37:00 51 [Warning] 'user' entry 'root@e24d0b5cccc1' ignored in --skip-name-resolve mode.
2017-11-25 15:37:00 51 [Warning] 'user' entry '@e24d0b5cccc1' ignored in --skip-name-resolve mode.
2017-11-25 15:37:00 51 [Warning] 'proxies_priv' entry '@ root@e24d0b5cccc1' ignored in --skip-name-resolve mode.
2017-11-25 15:37:01 51 [Note] Event Scheduler: Loaded 0 events
2017-11-25 15:37:01 51 [Note] /usr/sbin/mysqld: ready for connections.
Version: '5.6.37'  socket: '/var/run/mysqld/mysqld.sock'  port: 3306  MySQL Community Server (GPL)
2017-11-25 18:37:34 51 [Note] /usr/sbin/mysqld: Normal shutdown

2017-11-25 18:37:34 51 [Note] Giving 0 client threads a chance to die gracefully
2017-11-25 18:37:34 51 [Note] Event Scheduler: Purging the queue. 0 events
2017-11-25 18:37:34 51 [Note] Shutting down slave threads
2017-11-25 18:37:34 51 [Note] Forcefully disconnecting 0 remaining clients
2017-11-25 18:37:34 51 [Note] Binlog end
2017-11-25 18:37:35 51 [Note] Shutting down plugin 'partition'
2017-11-25 18:37:35 51 [Note] Shutting down plugin 'INNODB_SYS_DATAFILES'
2017-11-25 18:37:35 51 [Note] Shutting down plugin 'INNODB_SYS_TABLESPACES'
2017-11-25 18:37:35 51 [Note] Shutting down plugin 'INNODB_SYS_FOREIGN_COLS'
2017-11-25 18:37:35 51 [Note] Shutting down plugin 'INNODB_SYS_FOREIGN'
2017-11-25 18:37:35 51 [Note] Shutting down plugin 'INNODB_SYS_FIELDS'
2017-11-25 18:37:35 51 [Note] Shutting down plugin 'INNODB_SYS_COLUMNS'
2017-11-25 18:37:35 51 [Note] Shutting down plugin 'INNODB_SYS_INDEXES'
2017-11-25 18:37:35 51 [Note] Shutting down plugin 'INNODB_SYS_TABLESTATS'
2017-11-25 18:37:35 51 [Note] Shutting down plugin 'INNODB_SYS_TABLES'
2017-11-25 18:37:35 51 [Note] Shutting down plugin 'INNODB_FT_INDEX_TABLE'
2017-11-25 18:37:35 51 [Note] Shutting down plugin 'INNODB_FT_INDEX_CACHE'
2017-11-25 18:37:35 51 [Note] Shutting down plugin 'INNODB_FT_CONFIG'
2017-11-25 18:37:35 51 [Note] Shutting down plugin 'INNODB_FT_BEING_DELETED'
2017-11-25 18:37:35 51 [Note] Shutting down plugin 'INNODB_FT_DELETED'
2017-11-25 18:37:35 51 [Note] Shutting down plugin 'INNODB_FT_DEFAULT_STOPWORD'
2017-11-25 18:37:35 51 [Note] Shutting down plugin 'INNODB_METRICS'
2017-11-25 18:37:35 51 [Note] Shutting down plugin 'INNODB_BUFFER_POOL_STATS'
2017-11-25 18:37:35 51 [Note] Shutting down plugin 'INNODB_BUFFER_PAGE_LRU'
2017-11-25 18:37:35 51 [Note] Shutting down plugin 'INNODB_BUFFER_PAGE'
2017-11-25 18:37:35 51 [Note] Shutting down plugin 'INNODB_CMP_PER_INDEX_RESET'
2017-11-25 18:37:35 51 [Note] Shutting down plugin 'INNODB_CMP_PER_INDEX'
2017-11-25 18:37:35 51 [Note] Shutting down plugin 'INNODB_CMPMEM_RESET'
2017-11-25 18:37:35 51 [Note] Shutting down plugin 'INNODB_CMPMEM'
2017-11-25 18:37:35 51 [Note] Shutting down plugin 'INNODB_CMP_RESET'
2017-11-25 18:37:35 51 [Note] Shutting down plugin 'INNODB_CMP'
2017-11-25 18:37:35 51 [Note] Shutting down plugin 'INNODB_LOCK_WAITS'
2017-11-25 18:37:35 51 [Note] Shutting down plugin 'INNODB_LOCKS'
2017-11-25 18:37:35 51 [Note] Shutting down plugin 'INNODB_TRX'
2017-11-25 18:37:35 51 [Note] Shutting down plugin 'InnoDB'
2017-11-25 18:37:35 51 [Note] InnoDB: FTS optimize thread exiting.
2017-11-25 18:37:35 51 [Note] InnoDB: Starting shutdown...
2017-11-25 18:37:36 51 [Note] InnoDB: Shutdown completed; log sequence number 3744656
2017-11-25 18:37:36 51 [Note] Shutting down plugin 'BLACKHOLE'
2017-11-25 18:37:36 51 [Note] Shutting down plugin 'ARCHIVE'
2017-11-25 18:37:36 51 [Note] Shutting down plugin 'PERFORMANCE_SCHEMA'
2017-11-25 18:37:36 51 [Note] Shutting down plugin 'MEMORY'
2017-11-25 18:37:36 51 [Note] Shutting down plugin 'MyISAM'
2017-11-25 18:37:36 51 [Note] Shutting down plugin 'MRG_MYISAM'
2017-11-25 18:37:36 51 [Note] Shutting down plugin 'CSV'
2017-11-25 18:37:36 51 [Note] Shutting down plugin 'sha256_password'
2017-11-25 18:37:36 51 [Note] Shutting down plugin 'mysql_old_password'
2017-11-25 18:37:36 51 [Note] Shutting down plugin 'mysql_native_password'
2017-11-25 18:37:36 51 [Note] Shutting down plugin 'binlog'
2017-11-25 18:37:36 51 [Note] /usr/sbin/mysqld: Shutdown complete

